<?xml version="1.0" encoding="UTF-8"?>
<robot generator="Robot 7.0.1 (Python 3.11.0 on win32)" generated="2024-08-31T02:05:46.159606" rpa="false" schemaversion="5">
<suite id="s1" name="Login" source="C:\workspace\ponto\app\login.robot">
<kw name="Start App" owner="resources" type="SETUP">
<kw name="Driver Setup" owner="ApplicationLibrary.DesktopLibrary">
<doc>Starts the WinAppDriver.</doc>
<status status="PASS" start="2024-08-31T02:05:46.350165" elapsed="0.002992"/>
</kw>
<kw name="Open Application" owner="ApplicationLibrary.DesktopLibrary">
<arg>${REMOTE_URL}</arg>
<arg>platformName=Windows</arg>
<arg>deviceName=Windows</arg>
<arg>app=${APP}</arg>
<doc>Opens a new application to given Appium server.
If your application has a splash screen please supply the window name of the final window that will appear.
For the capabilities of appium server and Windows please check http://appium.io/docs/en/drivers/windows</doc>
<status status="PASS" start="2024-08-31T02:05:46.353157" elapsed="1.458662"/>
</kw>
<status status="PASS" start="2024-08-31T02:05:46.350165" elapsed="1.461654"/>
</kw>
<test id="s1-t1" name="Teste de Login Com Sucesso" line="12">
<kw name="Login no Ponto" owner="keywords">
<kw name="Digita Usuario" owner="keywords">
<kw name="Send Keys" owner="ApplicationLibrary.DesktopLibrary">
<msg time="2024-08-31T02:05:47.817796" level="INFO">Sending keys to application</msg>
<arg>${USER}</arg>
<doc>Sends the desired keys in ``argv``.</doc>
<status status="PASS" start="2024-08-31T02:05:47.815803" elapsed="0.361261"/>
</kw>
<arg>${USER}</arg>
<status status="PASS" start="2024-08-31T02:05:47.814806" elapsed="0.362258"/>
</kw>
<kw name="Send Keys" owner="ApplicationLibrary.DesktopLibrary">
<msg time="2024-08-31T02:05:48.182870" level="INFO">Sending keys to application</msg>
<arg>${TAB}</arg>
<doc>Sends the desired keys in ``argv``.</doc>
<status status="PASS" start="2024-08-31T02:05:48.177064" elapsed="0.200385"/>
</kw>
<kw name="Run Keyword If" owner="BuiltIn">
<arg>'${PASS}' != ''</arg>
<arg>Digita Senha</arg>
<arg>${PASS}</arg>
<doc>Runs the given keyword with the given arguments, if ``condition`` is true.</doc>
<status status="PASS" start="2024-08-31T02:05:48.377449" elapsed="0.000000"/>
</kw>
<kw name="Send Keys" owner="ApplicationLibrary.DesktopLibrary">
<msg time="2024-08-31T02:05:48.379478" level="INFO">Sending keys to application</msg>
<arg>${F9}</arg>
<doc>Sends the desired keys in ``argv``.</doc>
<status status="PASS" start="2024-08-31T02:05:48.377449" elapsed="0.185015"/>
</kw>
<arg>ADMIN</arg>
<status status="PASS" start="2024-08-31T02:05:47.812811" elapsed="0.750647"/>
</kw>
<kw name="Quit Application" owner="ApplicationLibrary.DesktopLibrary" type="TEARDOWN">
<doc>Quit application. Application can be quit while Appium session is kept alive.
This keyword can be used to close application during test case or between test cases.</doc>
<status status="PASS" start="2024-08-31T02:05:48.563458" elapsed="6.357584"/>
</kw>
<tag>Windows</tag>
<status status="PASS" start="2024-08-31T02:05:47.811819" elapsed="7.110261"/>
</test>
<kw name="Driver Teardown" owner="ApplicationLibrary.DesktopLibrary" type="TEARDOWN">
<doc>Stops the WinAppDriver.</doc>
<status status="PASS" start="2024-08-31T02:05:54.926035" elapsed="5.086751"/>
</kw>
<status status="PASS" start="2024-08-31T02:05:46.161589" elapsed="13.852194"/>
</suite>
<statistics>
<total>
<stat pass="1" fail="0" skip="0">All Tests</stat>
</total>
<tag>
<stat pass="1" fail="0" skip="0">Windows</stat>
</tag>
<suite>
<stat pass="1" fail="0" skip="0" id="s1" name="Login">Login</stat>
</suite>
</statistics>
<errors>
</errors>
</robot>
